2025-02-11 21:46:19 - EventScheduler - INFO - Starting the forex events scheduler
2025-02-11 21:46:19 - EventScheduler - INFO - Scheduler started successfully
2025-02-11 21:46:19 - EventScheduler - INFO - Starting scheduled forex events update
2025-02-11 21:46:24 - EventScheduler - INFO - Completed scheduled forex events update
2025-02-11 21:48:53 - EventScheduler - INFO - Starting the forex events scheduler
2025-02-11 21:48:53 - EventScheduler - INFO - Scheduler started successfully
2025-02-11 21:48:53 - EventScheduler - INFO - Starting scheduled forex events update
2025-02-11 21:48:59 - EventScheduler - INFO - Completed scheduled forex events update
2025-02-11 21:52:11 - EventScheduler - INFO - Starting the forex events scheduler
2025-02-11 21:52:11 - EventScheduler - INFO - Scheduler started successfully
2025-02-11 21:52:11 - EventScheduler - INFO - Starting scheduled forex events update
2025-02-11 21:52:17 - EventScheduler - INFO - Completed scheduled forex events update
2025-02-11 21:53:49 - EventScheduler - INFO - Starting the forex events scheduler
2025-02-11 21:53:49 - EventScheduler - INFO - Scheduler started successfully
2025-02-11 21:53:49 - EventScheduler - INFO - Starting scheduled forex events update
2025-02-11 21:53:55 - EventScheduler - INFO - Completed scheduled forex events update
2025-02-11 21:57:27 - EventScheduler - INFO - Starting the forex events scheduler
2025-02-11 21:57:27 - EventScheduler - INFO - Scheduler started successfully
2025-02-11 21:57:27 - EventScheduler - INFO - Starting scheduled forex events update
2025-02-11 21:57:33 - EventScheduler - INFO - Completed scheduled forex events update
2025-02-11 21:59:38 - EventScheduler - INFO - Starting the forex events scheduler
2025-02-11 21:59:38 - EventScheduler - INFO - Scheduler started successfully
2025-02-11 21:59:38 - EventScheduler - INFO - Starting scheduled forex events update
2025-02-11 21:59:44 - EventScheduler - INFO - Completed scheduled forex events update
2025-02-11 22:00:00 - EventScheduler - INFO - Starting scheduled forex events update
2025-02-11 22:00:04 - EventScheduler - INFO - Completed scheduled forex events update
2025-02-11 22:01:48 - EventScheduler - INFO - Starting the forex events scheduler
2025-02-11 22:01:48 - EventScheduler - INFO - Scheduler started successfully
2025-02-11 22:01:48 - EventScheduler - INFO - Starting scheduled forex events update
2025-02-11 22:01:54 - EventScheduler - INFO - Completed scheduled forex events update
2025-02-11 23:12:15 - EventScheduler - INFO - Starting the forex events scheduler
2025-02-11 23:12:15 - EventScheduler - INFO - Testing database connection to 141.95.123.145:3306 as forex_user
2025-02-11 23:12:15 - EventScheduler - INFO - Successfully connected to MySQL version: 8.0.41
2025-02-11 23:12:15 - EventScheduler - INFO - Scheduler started successfully
2025-02-11 23:12:15 - EventScheduler - INFO - Starting scheduled forex events update
2025-02-11 23:12:15 - EventScheduler - INFO - Testing database connection to 141.95.123.145:3306 as forex_user
2025-02-11 23:12:15 - EventScheduler - INFO - Successfully connected to MySQL version: 8.0.41
2025-02-11 23:12:20 - EventScheduler - INFO - Completed scheduled forex events update
2025-02-11 23:12:32 - EventScheduler - INFO - Shutting down scheduler...
2025-02-11 23:13:06 - EventScheduler - INFO - Starting the forex events scheduler
2025-02-11 23:13:06 - EventScheduler - INFO - Testing database connection to 141.95.123.145:3306 as forex_user
2025-02-11 23:13:06 - EventScheduler - INFO - Successfully connected to MySQL version: 8.0.41
2025-02-11 23:13:06 - EventScheduler - INFO - Scheduler started successfully
2025-02-11 23:13:06 - EventScheduler - INFO - Starting scheduled forex events update
2025-02-11 23:13:06 - EventScheduler - INFO - Testing database connection to 141.95.123.145:3306 as forex_user
2025-02-11 23:13:07 - EventScheduler - INFO - Successfully connected to MySQL version: 8.0.41
2025-02-11 23:13:11 - EventScheduler - INFO - Completed scheduled forex events update
2025-02-11 23:13:23 - EventScheduler - INFO - Shutting down scheduler...
