2025-02-10 00:02:05,179 - __main__ - INFO - Starting the forex events scheduler
2025-02-10 00:02:05,195 - apscheduler.scheduler - INFO - Adding job tentatively -- it will be properly scheduled when the scheduler starts
2025-02-10 00:02:05,206 - apscheduler.scheduler - INFO - Added job "Forex Calendar Update" to job store "default"
2025-02-10 00:02:05,207 - apscheduler.scheduler - INFO - Scheduler started
2025-02-10 00:02:05,207 - __main__ - INFO - Scheduler started successfully
2025-02-10 00:02:05,207 - __main__ - INFO - Starting scheduled forex events update
2025-02-10 00:02:06,437 - scripts.update_events - INFO - Fetching data from ForexFactory...
2025-02-10 00:02:06,908 - backend.scrapers.forexfactory - INFO - Retrieved 77 events from ForexFactory
2025-02-10 00:02:06,909 - scripts.update_events - INFO - Fetched 77 events from ForexFactory
2025-02-10 00:02:06,911 - scripts.update_events - INFO - Saved 77 events to cache\forex_updates\update_20250210_000206.json
2025-02-10 00:02:06,911 - scripts.update_events - INFO - Comparing and updating events...
2025-02-10 00:02:09,213 - scripts.update_events - INFO - Successfully processed 77 events:
2025-02-10 00:02:09,213 - scripts.update_events - INFO - - Updated 0 existing events
2025-02-10 00:02:09,213 - scripts.update_events - INFO - - Added 0 new events
2025-02-10 00:02:09,214 - __main__ - INFO - Completed scheduled forex events update
2025-02-11 21:46:22 - EmailScheduler - INFO - Email scheduler started successfully
2025-02-11 21:48:57 - EmailScheduler - INFO - Email scheduler started successfully
2025-02-11 21:52:15 - EmailScheduler - INFO - Email scheduler started successfully
2025-02-11 21:53:53 - EmailScheduler - INFO - Email scheduler started successfully
2025-02-11 21:57:31 - EmailScheduler - INFO - Email scheduler started successfully
2025-02-11 21:59:42 - EmailScheduler - INFO - Email scheduler started successfully
2025-02-11 22:00:00 - EmailScheduler - INFO - Starting daily email updates
2025-02-11 22:00:00 - EmailScheduler - INFO - Completed daily email updates
2025-02-11 22:01:52 - EmailScheduler - INFO - Email scheduler started successfully
2025-02-11 22:30:00 - EmailScheduler - INFO - Starting daily email updates
2025-02-11 22:30:00 - EmailScheduler - INFO - Completed daily email updates
