2025-02-09 23:58:06,226 - INFO - Fetching data from ForexFactory...
2025-02-09 23:58:06,250 - ERROR - Error fetching data from ForexFactory API: HTTPSConnectionPool(host='api.forexfactory.com', port=443): Max retries exceeded with url: /v1/calendar?start=2025-02-09&end=2025-02-16 (Caused by NameResolutionError("<urllib3.connection.HTTPSConnection object at 0x00000216E3367160>: Failed to resolve 'api.forexfactory.com' ([Errno 11001] getaddrinfo failed)"))
2025-02-09 23:58:06,251 - INFO - Fetched 0 events from ForexFactory
2025-02-09 23:58:06,251 - ERROR - No data fetched from ForexFactory
2025-02-09 23:59:03,376 - INFO - Fetching data from ForexFactory...
2025-02-09 23:59:03,473 - INFO - Retrieved 77 events from ForexFactory
2025-02-09 23:59:03,474 - INFO - Fetched 77 events from ForexFactory
2025-02-09 23:59:03,477 - INFO - Saved 77 events to cache\forex_updates\update_20250209_235903.json
2025-02-09 23:59:03,477 - INFO - Comparing and updating events...
2025-02-09 23:59:03,533 - INFO - Added new event: Bank Lending y/y at 2025-02-09 23:50:00+00:00
2025-02-09 23:59:03,559 - INFO - Added new event: Current Account at 2025-02-09 23:50:00+00:00
2025-02-09 23:59:03,585 - INFO - Added new event: Economy Watchers Sentiment at 2025-02-10 05:00:00+00:00
2025-02-09 23:59:03,618 - INFO - Added new event: New Loans at 2025-02-10 09:03:00+00:00
2025-02-09 23:59:03,645 - INFO - Added new event: M2 Money Supply y/y at 2025-02-10 09:03:00+00:00
2025-02-09 23:59:03,672 - INFO - Added new event: Sentix Investor Confidence at 2025-02-10 09:30:00+00:00
2025-02-09 23:59:03,698 - INFO - Added new event: ECB President Lagarde Speaks at 2025-02-10 14:00:00+00:00
2025-02-09 23:59:03,724 - INFO - Added new event: Cleveland Fed Inflation Expectations at 2025-02-10 14:48:00+00:00
2025-02-09 23:59:03,750 - INFO - Added new event: Westpac Consumer Sentiment at 2025-02-10 23:30:00+00:00
2025-02-09 23:59:03,775 - INFO - Added new event: Bank Holiday at 2025-02-11 00:00:00+00:00
2025-02-09 23:59:03,801 - INFO - Added new event: BRC Retail Sales Monitor y/y at 2025-02-11 00:01:00+00:00
2025-02-09 23:59:03,828 - INFO - Added new event: NAB Business Confidence at 2025-02-11 00:30:00+00:00
2025-02-09 23:59:03,855 - INFO - Added new event: MPC Member Mann Speaks at 2025-02-11 08:45:00+00:00
2025-02-09 23:59:03,880 - INFO - Added new event: NFIB Small Business Index at 2025-02-11 11:00:00+00:00
2025-02-09 23:59:03,905 - INFO - Added new event: BOE Gov Bailey Speaks at 2025-02-11 12:15:00+00:00
2025-02-09 23:59:03,931 - INFO - Added new event: Building Permits m/m at 2025-02-11 13:30:00+00:00
2025-02-09 23:59:03,958 - INFO - Added new event: FOMC Member Hammack Speaks at 2025-02-11 13:50:00+00:00
2025-02-09 23:59:03,984 - INFO - Added new event: Fed Chair Powell Testifies at 2025-02-11 15:00:00+00:00
2025-02-09 23:59:04,012 - INFO - Added new event: FOMC Member Bowman Speaks at 2025-02-11 20:30:00+00:00
2025-02-09 23:59:04,038 - INFO - Added new event: FOMC Member Williams Speaks at 2025-02-11 20:30:00+00:00
2025-02-09 23:59:04,067 - INFO - Added new event: M2 Money Stock y/y at 2025-02-11 23:50:00+00:00
2025-02-09 23:59:04,093 - INFO - Added new event: Prelim Machine Tool Orders y/y at 2025-02-12 06:00:00+00:00
2025-02-09 23:59:04,122 - INFO - Added new event: Italian Industrial Production m/m at 2025-02-12 09:00:00+00:00
2025-02-09 23:59:04,148 - INFO - Added new event: German 30-y Bond Auction at 2025-02-12 10:34:00+00:00
2025-02-09 23:59:04,174 - INFO - Added new event: Core CPI m/m at 2025-02-12 13:30:00+00:00
2025-02-09 23:59:04,201 - INFO - Added new event: CPI m/m at 2025-02-12 13:30:00+00:00
2025-02-09 23:59:04,228 - INFO - Added new event: CPI y/y at 2025-02-12 13:30:00+00:00
2025-02-09 23:59:04,256 - INFO - Added new event: CB Leading Index m/m at 2025-02-12 14:30:00+00:00
2025-02-09 23:59:04,281 - INFO - Added new event: MPC Member Greene Speaks at 2025-02-12 15:00:00+00:00
2025-02-09 23:59:04,308 - INFO - Added new event: Fed Chair Powell Testifies at 2025-02-12 15:00:00+00:00
2025-02-09 23:59:04,333 - INFO - Added new event: Crude Oil Inventories at 2025-02-12 15:30:00+00:00
2025-02-09 23:59:04,361 - INFO - Added new event: German Buba President Nagel Speaks at 2025-02-12 17:00:00+00:00
2025-02-09 23:59:04,386 - INFO - Added new event: FOMC Member Bostic Speaks at 2025-02-12 17:00:00+00:00
2025-02-09 23:59:04,414 - INFO - Added new event: 10-y Bond Auction at 2025-02-12 18:01:00+00:00
2025-02-09 23:59:04,439 - INFO - Added new event: BOC Summary of Deliberations at 2025-02-12 18:30:00+00:00
2025-02-09 23:59:04,465 - INFO - Added new event: Federal Budget Balance at 2025-02-12 19:00:00+00:00
2025-02-09 23:59:04,489 - INFO - Added new event: FOMC Member Waller Speaks at 2025-02-12 22:05:00+00:00
2025-02-09 23:59:04,515 - INFO - Added new event: PPI y/y at 2025-02-12 23:50:00+00:00
2025-02-09 23:59:04,544 - INFO - Added new event: MI Inflation Expectations at 2025-02-13 00:00:00+00:00
2025-02-09 23:59:04,573 - INFO - Added new event: RICS House Price Balance at 2025-02-13 00:01:00+00:00
2025-02-09 23:59:04,597 - INFO - Added new event: Inflation Expectations q/q at 2025-02-13 02:00:00+00:00
2025-02-09 23:59:04,624 - INFO - Added new event: German Final CPI m/m at 2025-02-13 07:00:00+00:00
2025-02-09 23:59:04,653 - INFO - Added new event: GDP m/m at 2025-02-13 07:00:00+00:00
2025-02-09 23:59:04,680 - INFO - Added new event: Prelim GDP q/q at 2025-02-13 07:00:00+00:00
2025-02-09 23:59:04,705 - INFO - Added new event: Construction Output m/m at 2025-02-13 07:00:00+00:00
2025-02-09 23:59:04,732 - INFO - Added new event: Goods Trade Balance at 2025-02-13 07:00:00+00:00
2025-02-09 23:59:04,757 - INFO - Added new event: Index of Services 3m/3m at 2025-02-13 07:00:00+00:00
2025-02-09 23:59:04,784 - INFO - Added new event: Industrial Production m/m at 2025-02-13 07:00:00+00:00
2025-02-09 23:59:04,810 - INFO - Added new event: Manufacturing Production m/m at 2025-02-13 07:00:00+00:00
2025-02-09 23:59:04,835 - INFO - Added new event: Prelim Business Investment q/q at 2025-02-13 07:00:00+00:00
2025-02-09 23:59:04,864 - INFO - Added new event: CPI m/m at 2025-02-13 07:30:00+00:00
2025-02-09 23:59:04,896 - INFO - Added new event: ECB Economic Bulletin at 2025-02-13 09:00:00+00:00
2025-02-09 23:59:04,922 - INFO - Added new event: Industrial Production m/m at 2025-02-13 10:00:00+00:00
2025-02-09 23:59:04,946 - INFO - Added new event: EU Economic Forecasts at 2025-02-13 10:03:00+00:00
2025-02-09 23:59:04,972 - INFO - Added new event: NIESR GDP Estimate at 2025-02-13 13:03:00+00:00
2025-02-09 23:59:04,998 - INFO - Added new event: Core PPI m/m at 2025-02-13 13:30:00+00:00
2025-02-09 23:59:05,024 - INFO - Added new event: PPI m/m at 2025-02-13 13:30:00+00:00
2025-02-09 23:59:05,051 - INFO - Added new event: Unemployment Claims at 2025-02-13 13:30:00+00:00
2025-02-09 23:59:05,079 - INFO - Added new event: CB Leading Index m/m at 2025-02-13 15:30:00+00:00
2025-02-09 23:59:05,104 - INFO - Added new event: Natural Gas Storage at 2025-02-13 15:30:00+00:00
2025-02-09 23:59:05,129 - INFO - Added new event: German Buba President Nagel Speaks at 2025-02-13 17:00:00+00:00
2025-02-09 23:59:05,157 - INFO - Added new event: 30-y Bond Auction at 2025-02-13 18:01:00+00:00
2025-02-09 23:59:05,184 - INFO - Added new event: BusinessNZ Manufacturing Index at 2025-02-13 21:30:00+00:00
2025-02-09 23:59:05,209 - INFO - Added new event: FPI m/m at 2025-02-13 21:45:00+00:00
2025-02-09 23:59:05,238 - INFO - Added new event: German WPI m/m at 2025-02-14 07:00:00+00:00
2025-02-09 23:59:05,264 - INFO - Added new event: PPI m/m at 2025-02-14 07:30:00+00:00
2025-02-09 23:59:05,291 - INFO - Added new event: Flash Employment Change q/q at 2025-02-14 10:00:00+00:00
2025-02-09 23:59:05,322 - INFO - Added new event: Flash GDP q/q at 2025-02-14 10:00:00+00:00
2025-02-09 23:59:05,351 - INFO - Added new event: Manufacturing Sales m/m at 2025-02-14 13:30:00+00:00
2025-02-09 23:59:05,377 - INFO - Added new event: Wholesale Sales m/m at 2025-02-14 13:30:00+00:00
2025-02-09 23:59:05,404 - INFO - Added new event: Core Retail Sales m/m at 2025-02-14 13:30:00+00:00
2025-02-09 23:59:05,429 - INFO - Added new event: Retail Sales m/m at 2025-02-14 13:30:00+00:00
2025-02-09 23:59:05,455 - INFO - Added new event: Import Prices m/m at 2025-02-14 13:30:00+00:00
2025-02-09 23:59:05,481 - INFO - Added new event: Capacity Utilization Rate at 2025-02-14 14:15:00+00:00
2025-02-09 23:59:05,508 - INFO - Added new event: Industrial Production m/m at 2025-02-14 14:15:00+00:00
2025-02-09 23:59:05,534 - INFO - Added new event: Business Inventories m/m at 2025-02-14 15:00:00+00:00
2025-02-09 23:59:05,560 - INFO - Added new event: FOMC Member Logan Speaks at 2025-02-14 20:00:00+00:00
2025-02-09 23:59:07,597 - INFO - Successfully processed 77 events:
2025-02-09 23:59:07,598 - INFO - - Updated 0 existing events
2025-02-09 23:59:07,598 - INFO - - Added 77 new events
